<?xml version="1.0" encoding="UTF-8"?>
<testng-results ignored="0" total="1" passed="1" failed="0" skipped="0">
  <reporter-output>
  </reporter-output>
  <suite started-at="2024-01-31T10:41:21Z" name="Default suite" finished-at="2024-01-31T10:41:21Z" duration-ms="56">
    <groups>
    </groups>
    <test started-at="2024-01-31T10:41:21Z" name="Default test" finished-at="2024-01-31T10:41:21Z" duration-ms="56">
      <class name="org.test234.Test234">
        <test-method signature="tc1()[pri:0, instance:org.test234.Test234@6bc407fd]" started-at="2024-01-31T10:41:21Z" name="tc1" finished-at="2024-01-31T10:41:21Z" duration-ms="21" status="PASS">
          <reporter-output>
          </reporter-output>
        </test-method> <!-- tc1 -->
      </class> <!-- org.test234.Test234 -->
    </test> <!-- Default test -->
  </suite> <!-- Default suite -->
</testng-results>
